<?xml version="1.0" encoding="UTF-8"?>
<!-- Generated by org.testng.reporters.JUnitXMLReporter -->
<testsuite hostname="abc-PC" ignored="10" name="Default test" tests="1" failures="0" timestamp="14 Oct 2020 09:06:27 GMT" time="44.067" errors="0">
  <testcase name="toVerifyEmailIDText" time="0.083" classname="com.ijmeet.functionaltests.ContactSalesTest"/>
  <testcase name="isEmailTextBoxClickableTest" time="0.0" classname="com.ijmeet.functionaltests.ContactSalesTest">
    <ignored/>
  </testcase> <!-- isEmailTextBoxClickableTest -->
  <testcase name="isNameTextBoxAvailableTest" time="0.0" classname="com.ijmeet.functionaltests.ContactSalesTest">
    <ignored/>
  </testcase> <!-- isNameTextBoxAvailableTest -->
  <testcase name="verifyContactSalesPageTest" time="0.0" classname="com.ijmeet.functionaltests.ContactSalesTest">
    <ignored/>
  </testcase> <!-- verifyContactSalesPageTest -->
  <testcase name="isNameTextBoxClickableTest" time="0.0" classname="com.ijmeet.functionaltests.ContactSalesTest">
    <ignored/>
  </testcase> <!-- isNameTextBoxClickableTest -->
  <testcase name="toVerifyWhatsAppNoText" time="0.0" classname="com.ijmeet.functionaltests.ContactSalesTest">
    <ignored/>
  </testcase> <!-- toVerifyWhatsAppNoText -->
  <testcase name="isEmailTextBoxAvailableTest" time="0.0" classname="com.ijmeet.functionaltests.ContactSalesTest">
    <ignored/>
  </testcase> <!-- isEmailTextBoxAvailableTest -->
  <testcase name="toVerifyAddressText" time="0.0" classname="com.ijmeet.functionaltests.ContactSalesTest">
    <ignored/>
  </testcase> <!-- toVerifyAddressText -->
  <testcase name="isMessageTextBoxAvailableTest" time="0.0" classname="com.ijmeet.functionaltests.ContactSalesTest">
    <ignored/>
  </testcase> <!-- isMessageTextBoxAvailableTest -->
  <testcase name="isMessageTextBoxClickableTest" time="0.0" classname="com.ijmeet.functionaltests.ContactSalesTest">
    <ignored/>
  </testcase> <!-- isMessageTextBoxClickableTest -->
  <testcase name="toVerifyMobileNoText" time="0.0" classname="com.ijmeet.functionaltests.ContactSalesTest">
    <ignored/>
  </testcase> <!-- toVerifyMobileNoText -->
</testsuite> <!-- Default test -->
